2020-06-05 23:54:18.1206||DEBUG|Task_RB.Program|Start Application 
2020-06-05 23:54:18.8496|1|INFO|Microsoft.AspNetCore.Hosting.Diagnostics|Request starting HTTP/2.0 GET https://localhost:44305/api/calc   
2020-06-05 23:54:18.9689|2|INFO|Microsoft.AspNetCore.Hosting.Diagnostics|Request finished in 133.45090000000002ms 404  
2020-06-05 23:54:35.9190|1|INFO|Microsoft.AspNetCore.Hosting.Diagnostics|Request starting HTTP/2.0 GET https://localhost:44305/favicon.ico   
2020-06-05 23:54:35.9190|2|INFO|Microsoft.AspNetCore.Hosting.Diagnostics|Request finished in 3.8859000000000004ms 404  
2020-06-05 23:54:37.6275|1|INFO|Microsoft.AspNetCore.Hosting.Diagnostics|Request starting HTTP/2.0 GET https://localhost:44305/api/calc/divide?Number_1=20&Number_2=8   
2020-06-05 23:54:37.6398|0|INFO|Microsoft.AspNetCore.Routing.EndpointMiddleware|Executing endpoint 'Task_RB.Controllers.CalcController.Divide (Task_RB)' 
2020-06-05 23:54:37.7528|3|INFO|Microsoft.AspNetCore.Mvc.Infrastructure.ControllerActionInvoker|Route matched with {action = "Divide", controller = "Calc"}. Executing controller action with signature System.Threading.Tasks.Task`1[Microsoft.AspNetCore.Mvc.ActionResult] Divide(Task_RB.Helpers.Number) on controller Task_RB.Controllers.CalcController (Task_RB). 
2020-06-05 23:54:39.1718|10403|INFO|Microsoft.EntityFrameworkCore.Infrastructure|Entity Framework Core 3.0.0 initialized 'CalcDbContext' using provider 'Microsoft.EntityFrameworkCore.SqlServer' with options: None 
2020-06-05 23:54:39.8374|20100|INFO|Microsoft.EntityFrameworkCore.Database.Command|Executing DbCommand [Parameters=[], CommandType='Text', CommandTimeout='30']
SELECT CASE
    WHEN EXISTS (
        SELECT 1
        FROM [CalcFunctions] AS [c]
        WHERE [c].[Id] = 4) THEN CAST(1 AS bit)
    ELSE CAST(0 AS bit)
END 
2020-06-05 23:54:41.4300|20100|INFO|Microsoft.EntityFrameworkCore.Database.Command|Executing DbCommand [Parameters=[@p0='?' (DbType = Int32), @p1='?' (DbType = DateTimeOffset), @p2='?' (Size = 300)], CommandType='Text', CommandTimeout='30']
SET NOCOUNT ON;
INSERT INTO [CalcResults] ([CalcFunctionId], [Insert_Date], [Value])
VALUES (@p0, @p1, @p2);
SELECT [Id]
FROM [CalcResults]
WHERE @@ROWCOUNT = 1 AND [Id] = scope_identity(); 
2020-06-05 23:54:41.6172||INFO|Task_RB.Controllers.CalcController|Required CalcMethodtype : Divide;  20 : 8 = 2 
2020-06-05 23:54:41.6264|1|INFO|Microsoft.AspNetCore.Mvc.Infrastructure.ContentResultExecutor|Executing ContentResult with HTTP Response ContentType of text/plain; charset=utf-8 
2020-06-05 23:54:41.6394|2|INFO|Microsoft.AspNetCore.Mvc.Infrastructure.ControllerActionInvoker|Executed action Task_RB.Controllers.CalcController.Divide (Task_RB) in 3880.3235ms 
2020-06-05 23:54:41.6394|1|INFO|Microsoft.AspNetCore.Routing.EndpointMiddleware|Executed endpoint 'Task_RB.Controllers.CalcController.Divide (Task_RB)' 
2020-06-05 23:54:41.6394|2|INFO|Microsoft.AspNetCore.Hosting.Diagnostics|Request finished in 4024.0389ms 200 text/plain; charset=utf-8 
2020-06-05 23:54:47.9189|1|INFO|Microsoft.AspNetCore.Hosting.Diagnostics|Request starting HTTP/2.0 GET https://localhost:44305/api/calc/divide?Number_1=20&Number_2=30   
2020-06-05 23:54:47.9189|0|INFO|Microsoft.AspNetCore.Routing.EndpointMiddleware|Executing endpoint 'Task_RB.Controllers.CalcController.Divide (Task_RB)' 
2020-06-05 23:54:47.9189|3|INFO|Microsoft.AspNetCore.Mvc.Infrastructure.ControllerActionInvoker|Route matched with {action = "Divide", controller = "Calc"}. Executing controller action with signature System.Threading.Tasks.Task`1[Microsoft.AspNetCore.Mvc.ActionResult] Divide(Task_RB.Helpers.Number) on controller Task_RB.Controllers.CalcController (Task_RB). 
2020-06-05 23:54:47.9742|10403|INFO|Microsoft.EntityFrameworkCore.Infrastructure|Entity Framework Core 3.0.0 initialized 'CalcDbContext' using provider 'Microsoft.EntityFrameworkCore.SqlServer' with options: None 
2020-06-05 23:54:47.9838|20100|INFO|Microsoft.EntityFrameworkCore.Database.Command|Executing DbCommand [Parameters=[], CommandType='Text', CommandTimeout='30']
SELECT CASE
    WHEN EXISTS (
        SELECT 1
        FROM [CalcFunctions] AS [c]
        WHERE [c].[Id] = 4) THEN CAST(1 AS bit)
    ELSE CAST(0 AS bit)
END 
2020-06-05 23:54:48.5246|20100|INFO|Microsoft.EntityFrameworkCore.Database.Command|Executing DbCommand [Parameters=[@p0='?' (DbType = Int32), @p1='?' (DbType = DateTimeOffset), @p2='?' (Size = 300)], CommandType='Text', CommandTimeout='30']
SET NOCOUNT ON;
INSERT INTO [CalcResults] ([CalcFunctionId], [Insert_Date], [Value])
VALUES (@p0, @p1, @p2);
SELECT [Id]
FROM [CalcResults]
WHERE @@ROWCOUNT = 1 AND [Id] = scope_identity(); 
2020-06-05 23:54:48.5322||INFO|Task_RB.Controllers.CalcController|Required CalcMethodtype : Divide;  20 : 30 = 1 
2020-06-05 23:54:48.5322|1|INFO|Microsoft.AspNetCore.Mvc.Infrastructure.ContentResultExecutor|Executing ContentResult with HTTP Response ContentType of text/plain; charset=utf-8 
2020-06-05 23:54:48.5322|2|INFO|Microsoft.AspNetCore.Mvc.Infrastructure.ControllerActionInvoker|Executed action Task_RB.Controllers.CalcController.Divide (Task_RB) in 609.2885ms 
2020-06-05 23:54:48.5322|1|INFO|Microsoft.AspNetCore.Routing.EndpointMiddleware|Executed endpoint 'Task_RB.Controllers.CalcController.Divide (Task_RB)' 
2020-06-05 23:54:48.5322|2|INFO|Microsoft.AspNetCore.Hosting.Diagnostics|Request finished in 618.7320000000001ms 200 text/plain; charset=utf-8 
2020-06-05 23:55:15.4165|1|INFO|Microsoft.AspNetCore.Hosting.Diagnostics|Request starting HTTP/2.0 GET https://localhost:44305/api/calc/multiply?Number_1=20&Number_2=30   
2020-06-05 23:55:15.4221|0|INFO|Microsoft.AspNetCore.Routing.EndpointMiddleware|Executing endpoint 'Task_RB.Controllers.CalcController.Multiply (Task_RB)' 
2020-06-05 23:55:15.4664|3|INFO|Microsoft.AspNetCore.Mvc.Infrastructure.ControllerActionInvoker|Route matched with {action = "Multiply", controller = "Calc"}. Executing controller action with signature System.Threading.Tasks.Task`1[Microsoft.AspNetCore.Mvc.ActionResult] Multiply(Task_RB.Helpers.Number) on controller Task_RB.Controllers.CalcController (Task_RB). 
2020-06-05 23:55:15.5039|10403|INFO|Microsoft.EntityFrameworkCore.Infrastructure|Entity Framework Core 3.0.0 initialized 'CalcDbContext' using provider 'Microsoft.EntityFrameworkCore.SqlServer' with options: None 
2020-06-05 23:55:15.5189|20100|INFO|Microsoft.EntityFrameworkCore.Database.Command|Executing DbCommand [Parameters=[], CommandType='Text', CommandTimeout='30']
SELECT CASE
    WHEN EXISTS (
        SELECT 1
        FROM [CalcFunctions] AS [c]
        WHERE [c].[Id] = 3) THEN CAST(1 AS bit)
    ELSE CAST(0 AS bit)
END 
2020-06-05 23:55:16.2472|20100|INFO|Microsoft.EntityFrameworkCore.Database.Command|Executing DbCommand [Parameters=[@p0='?' (DbType = Int32), @p1='?' (DbType = DateTimeOffset), @p2='?' (Size = 300)], CommandType='Text', CommandTimeout='30']
SET NOCOUNT ON;
INSERT INTO [CalcResults] ([CalcFunctionId], [Insert_Date], [Value])
VALUES (@p0, @p1, @p2);
SELECT [Id]
FROM [CalcResults]
WHERE @@ROWCOUNT = 1 AND [Id] = scope_identity(); 
2020-06-05 23:55:16.2472||INFO|Task_RB.Controllers.CalcController|Required CalcMethodtype : Multiply;  20 * 30 = 600 
2020-06-05 23:55:16.2472|1|INFO|Microsoft.AspNetCore.Mvc.Infrastructure.ContentResultExecutor|Executing ContentResult with HTTP Response ContentType of text/plain; charset=utf-8 
2020-06-05 23:55:16.2472|2|INFO|Microsoft.AspNetCore.Mvc.Infrastructure.ControllerActionInvoker|Executed action Task_RB.Controllers.CalcController.Multiply (Task_RB) in 791.5714ms 
2020-06-05 23:55:16.2472|1|INFO|Microsoft.AspNetCore.Routing.EndpointMiddleware|Executed endpoint 'Task_RB.Controllers.CalcController.Multiply (Task_RB)' 
2020-06-05 23:55:16.2644|2|INFO|Microsoft.AspNetCore.Hosting.Diagnostics|Request finished in 848.2437ms 200 text/plain; charset=utf-8 
